c:\users\grace\onedrive\documents\senior design\senior design project\sd_tetris\sd_tetris\x64\release\vc143.pdb
c:\users\grace\onedrive\documents\senior design\senior design project\sd_tetris\sd_tetris\x64\release\.netframework,version=v4.7.2.assemblyattributes.obj
c:\users\grace\onedrive\documents\senior design\senior design project\sd_tetris\sd_tetris\x64\release\main.obj
c:\users\grace\onedrive\documents\senior design\senior design project\sd_tetris\x64\release\sd_tetris.exe
c:\users\grace\onedrive\documents\senior design\senior design project\sd_tetris\x64\release\sd_tetris.pdb
c:\users\grace\onedrive\documents\senior design\senior design project\sd_tetris\sd_tetris\x64\release\resource.res
c:\users\grace\onedrive\documents\senior design\senior design project\sd_tetris\sd_tetris\x64\release\mainscreen.obj
c:\users\grace\onedrive\documents\senior design\senior design project\sd_tetris\sd_tetris\x64\release\sd_tetris.tlog\cl.command.1.tlog
c:\users\grace\onedrive\documents\senior design\senior design project\sd_tetris\sd_tetris\x64\release\sd_tetris.tlog\cl.items.tlog
c:\users\grace\onedrive\documents\senior design\senior design project\sd_tetris\sd_tetris\x64\release\sd_tetris.tlog\cl.read.1.tlog
c:\users\grace\onedrive\documents\senior design\senior design project\sd_tetris\sd_tetris\x64\release\sd_tetris.tlog\cl.write.1.tlog
c:\users\grace\onedrive\documents\senior design\senior design project\sd_tetris\sd_tetris\x64\release\sd_tetris.tlog\link.command.1.tlog
c:\users\grace\onedrive\documents\senior design\senior design project\sd_tetris\sd_tetris\x64\release\sd_tetris.tlog\link.read.1.tlog
c:\users\grace\onedrive\documents\senior design\senior design project\sd_tetris\sd_tetris\x64\release\sd_tetris.tlog\link.secondary.1.tlog
c:\users\grace\onedrive\documents\senior design\senior design project\sd_tetris\sd_tetris\x64\release\sd_tetris.tlog\link.write.1.tlog
c:\users\grace\onedrive\documents\senior design\senior design project\sd_tetris\sd_tetris\x64\release\sd_tetris.tlog\metagen.read.1.tlog
c:\users\grace\onedrive\documents\senior design\senior design project\sd_tetris\sd_tetris\x64\release\sd_tetris.tlog\metagen.write.1.tlog
c:\users\grace\onedrive\documents\senior design\senior design project\sd_tetris\sd_tetris\x64\release\sd_tetris.tlog\rc.command.1.tlog
c:\users\grace\onedrive\documents\senior design\senior design project\sd_tetris\sd_tetris\x64\release\sd_tetris.tlog\rc.read.1.tlog
c:\users\grace\onedrive\documents\senior design\senior design project\sd_tetris\sd_tetris\x64\release\sd_tetris.tlog\rc.write.1.tlog
